2025-07-09 19:45:42.696 error: 	Mario Vindas--Se produjo un error interno del servidor 
Invalid `this.prisma.promocion.create()` invocation in
C:\Angular\ProyectoJoyeria\server\source\controllers\promocionController.ts:247:54

  244 //Obtener los datos json
  245 const body = request.body;
  246 
→ 247 const nuevaPromo = await this.prisma.promocion.create({
        data: {
          nombre: "Promo test",
          tipo: "Porcentaje",
          valor: "20",
                 ~~~~
          fecha_inicio: new Date("2025-07-05T21:14:56.000Z"),
          fecha_fin: new Date("2025-07-09T21:14:56.000Z"),
          categoria: {
            connect: {
              id: "1"
            }
          },
          producto: {
            connect: {
              id: "3"
            }
          }
        }
      })

Argument `valor`: Invalid value provided. Expected Float, provided String.
2025-07-09 19:45:54.310 error: 	Mario Vindas--Se produjo un error interno del servidor 
Invalid `this.prisma.promocion.create()` invocation in
C:\Angular\ProyectoJoyeria\server\source\controllers\promocionController.ts:247:54

  244 //Obtener los datos json
  245 const body = request.body;
  246 
→ 247 const nuevaPromo = await this.prisma.promocion.create({
        data: {
          nombre: "Promo test",
          tipo: "Porcentaje",
          valor: "20",
                 ~~~~
          fecha_inicio: new Date("2025-07-05T21:14:56.000Z"),
          fecha_fin: new Date("2025-07-09T21:14:56.000Z"),
          categoria: {
            connect: {
              id: "1"
            }
          },
          producto: {
            connect: {
              id: "3"
            }
          }
        }
      })

Argument `valor`: Invalid value provided. Expected Float, provided String.
2025-07-09 19:47:01.920 error: 	Mario Vindas--Se produjo un error interno del servidor 
Invalid `this.prisma.promocion.create()` invocation in
C:\Angular\ProyectoJoyeria\server\source\controllers\promocionController.ts:247:54

  244 //Obtener los datos json
  245 const body = request.body;
  246 
→ 247 const nuevaPromo = await this.prisma.promocion.create({
        data: {
          nombre: "Promo test",
          tipo: "Porcentaje",
          valor: 20,
          fecha_inicio: new Date("2025-07-05T21:14:56.000Z"),
          fecha_fin: new Date("2025-07-09T21:14:56.000Z"),
          categoria: {
            connect: {
              id: "1"
                  ~~~
            }
          },
          producto: {
            connect: {
              id: "3"
            }
          }
        }
      })

Argument `id`: Invalid value provided. Expected Int, provided String.
